Flow report for WM8731DriverBETA
Wed Apr 26 14:28:45 2023
Quartus Prime Version 20.1.0 Build 711 06/05/2020 SJ Lite Edition


---------------------
; Table of Contents ;
---------------------
  1. Legal Notice
  2. Flow Summary
  3. Flow Settings
  4. Flow Non-Default Global Settings
  5. Flow Elapsed Time
  6. Flow OS Summary
  7. Flow Log
  8. Flow Messages
  9. Flow Suppressed Messages



----------------
; Legal Notice ;
----------------
Copyright (C) 2020  Intel Corporation. All rights reserved.
Your use of Intel Corporation's design tools, logic functions 
and other software and tools, and any partner logic 
functions, and any output files from any of the foregoing 
(including device programming or simulation files), and any 
associated documentation or information are expressly subject 
to the terms and conditions of the Intel Program License 
Subscription Agreement, the Intel Quartus Prime License Agreement,
the Intel FPGA IP License Agreement, or other applicable license
agreement, including, without limitation, that your use is for
the sole purpose of programming logic devices manufactured by
Intel and sold by Intel or its authorized distributors.  Please
refer to the applicable agreement for further details, at
https://fpgasoftware.intel.com/eula.



+----------------------------------------------------------------------------------+
; Flow Summary                                                                     ;
+------------------------------------+---------------------------------------------+
; Flow Status                        ; Successful - Wed Apr 26 14:28:45 2023       ;
; Quartus Prime Version              ; 20.1.0 Build 711 06/05/2020 SJ Lite Edition ;
; Revision Name                      ; WM8731DriverBETA                            ;
; Top-level Entity Name              ; SynthTopLevel                               ;
; Family                             ; Cyclone IV E                                ;
; Device                             ; EP4CE115F29C7                               ;
; Timing Models                      ; Final                                       ;
; Total logic elements               ; 8,235 / 114,480 ( 7 % )                     ;
;     Total combinational functions  ; 7,127 / 114,480 ( 6 % )                     ;
;     Dedicated logic registers      ; 3,275 / 114,480 ( 3 % )                     ;
; Total registers                    ; 3275                                        ;
; Total pins                         ; 67 / 529 ( 13 % )                           ;
; Total virtual pins                 ; 0                                           ;
; Total memory bits                  ; 0 / 3,981,312 ( 0 % )                       ;
; Embedded Multiplier 9-bit elements ; 60 / 532 ( 11 % )                           ;
; Total PLLs                         ; 1 / 4 ( 25 % )                              ;
+------------------------------------+---------------------------------------------+


+-----------------------------------------+
; Flow Settings                           ;
+-------------------+---------------------+
; Option            ; Setting             ;
+-------------------+---------------------+
; Start date & time ; 04/26/2023 14:26:03 ;
; Main task         ; Compilation         ;
; Revision Name     ; WM8731DriverBETA    ;
+-------------------+---------------------+


+------------------------------------------------------------------------------------------------------------------------------------------------------+
; Flow Non-Default Global Settings                                                                                                                     ;
+--------------------------------------+----------------------------------------+------------------+---------------+-----------------------------------+
; Assignment Name                      ; Value                                  ; Default Value    ; Entity Name   ; Section Id                        ;
+--------------------------------------+----------------------------------------+------------------+---------------+-----------------------------------+
; COMPILER_SIGNATURE_ID                ; 158527625732901.168251556306692        ; --               ; --            ; --                                ;
; EDA_DESIGN_INSTANCE_NAME             ; NA                                     ; --               ; --            ; I2CMasterV3_tb                    ;
; EDA_DESIGN_INSTANCE_NAME             ; NA                                     ; --               ; --            ; Reduced17Tap_FIR_tb               ;
; EDA_DESIGN_INSTANCE_NAME             ; NA                                     ; --               ; --            ; Oscillator_tb                     ;
; EDA_DESIGN_INSTANCE_NAME             ; NA                                     ; --               ; --            ; UnsignedTo2sCompl20Bit_tb         ;
; EDA_DESIGN_INSTANCE_NAME             ; NA                                     ; --               ; --            ; WM8731DriverBETA_tb               ;
; EDA_DESIGN_INSTANCE_NAME             ; NA                                     ; --               ; --            ; Delay1Tap_tb                      ;
; EDA_DESIGN_INSTANCE_NAME             ; NA                                     ; --               ; --            ; CUSW_tb                           ;
; EDA_DESIGN_INSTANCE_NAME             ; NA                                     ; --               ; --            ; PLL12M6M48k_tb                    ;
; EDA_DESIGN_INSTANCE_NAME             ; NA                                     ; --               ; --            ; ReverbShroeder1_tb                ;
; EDA_DESIGN_INSTANCE_NAME             ; NA                                     ; --               ; --            ; ADSR_tb                           ;
; EDA_DESIGN_INSTANCE_NAME             ; NA                                     ; --               ; --            ; TESTSW2_tb                        ;
; EDA_GENERATE_FUNCTIONAL_NETLIST      ; Off                                    ; --               ; --            ; eda_board_design_timing           ;
; EDA_GENERATE_FUNCTIONAL_NETLIST      ; Off                                    ; --               ; --            ; eda_board_design_boundary_scan    ;
; EDA_GENERATE_FUNCTIONAL_NETLIST      ; Off                                    ; --               ; --            ; eda_board_design_signal_integrity ;
; EDA_GENERATE_FUNCTIONAL_NETLIST      ; Off                                    ; --               ; --            ; eda_board_design_symbol           ;
; EDA_NATIVELINK_SIMULATION_TEST_BENCH ; CUSW_tb                                ; --               ; --            ; eda_simulation                    ;
; EDA_OUTPUT_DATA_FORMAT               ; Verilog Hdl                            ; --               ; --            ; eda_simulation                    ;
; EDA_SIMULATION_TOOL                  ; ModelSim-Altera (Verilog)              ; <None>           ; --            ; --                                ;
; EDA_TEST_BENCH_ENABLE_STATUS         ; TEST_BENCH_MODE                        ; --               ; --            ; eda_simulation                    ;
; EDA_TEST_BENCH_FILE                  ; I2CMasterV3_tb.v                       ; --               ; --            ; I2CMasterV3_tb                    ;
; EDA_TEST_BENCH_FILE                  ; Reduced17Tap_FIR_tb.v                  ; --               ; --            ; Reduced17Tap_FIR_tb               ;
; EDA_TEST_BENCH_FILE                  ; OscillatorJacob/Oscillator_tb.v        ; --               ; --            ; Oscillator_tb                     ;
; EDA_TEST_BENCH_FILE                  ; UnsignedTo2sCompl20Bit_tb.v            ; --               ; --            ; UnsignedTo2sCompl20Bit_tb         ;
; EDA_TEST_BENCH_FILE                  ; WM8731DriverBETA_tb.v                  ; --               ; --            ; WM8731DriverBETA_tb               ;
; EDA_TEST_BENCH_FILE                  ; Delay1Tap_tb.v                         ; --               ; --            ; Delay1Tap_tb                      ;
; EDA_TEST_BENCH_FILE                  ; CUSW/CUSW_tb.v                         ; --               ; --            ; CUSW_tb                           ;
; EDA_TEST_BENCH_FILE                  ; PLL12M6M48k_tb.v                       ; --               ; --            ; PLL12M6M48k_tb                    ;
; EDA_TEST_BENCH_FILE                  ; Shroeder1Rvrb/ReverbShroeder1_tb.v     ; --               ; --            ; ReverbShroeder1_tb                ;
; EDA_TEST_BENCH_FILE                  ; ADSRJane/ADSR_tb.v                     ; --               ; --            ; ADSR_tb                           ;
; EDA_TEST_BENCH_FILE                  ; TESTSW2_tb.v                           ; --               ; --            ; TESTSW2_tb                        ;
; EDA_TEST_BENCH_MODULE_NAME           ; I2CMasterV3_tb                         ; --               ; --            ; I2CMasterV3_tb                    ;
; EDA_TEST_BENCH_MODULE_NAME           ; Reduced17Tap_FIR_tb                    ; --               ; --            ; Reduced17Tap_FIR_tb               ;
; EDA_TEST_BENCH_MODULE_NAME           ; Oscillator_tb                          ; --               ; --            ; Oscillator_tb                     ;
; EDA_TEST_BENCH_MODULE_NAME           ; UnsignedTo2sCompl20Bit_tb              ; --               ; --            ; UnsignedTo2sCompl20Bit_tb         ;
; EDA_TEST_BENCH_MODULE_NAME           ; WM8731DriverBETA_tb                    ; --               ; --            ; WM8731DriverBETA_tb               ;
; EDA_TEST_BENCH_MODULE_NAME           ; Delay1Tap_tb                           ; --               ; --            ; Delay1Tap_tb                      ;
; EDA_TEST_BENCH_MODULE_NAME           ; CUSW_tb                                ; --               ; --            ; CUSW_tb                           ;
; EDA_TEST_BENCH_MODULE_NAME           ; PLL12M6M48k_tb                         ; --               ; --            ; PLL12M6M48k_tb                    ;
; EDA_TEST_BENCH_MODULE_NAME           ; ReverbShroeder1_tb                     ; --               ; --            ; ReverbShroeder1_tb                ;
; EDA_TEST_BENCH_MODULE_NAME           ; ADSR_tb                                ; --               ; --            ; ADSR_tb                           ;
; EDA_TEST_BENCH_MODULE_NAME           ; TESTSW2_tb                             ; --               ; --            ; TESTSW2_tb                        ;
; EDA_TEST_BENCH_NAME                  ; I2CMasterV3_tb                         ; --               ; --            ; eda_simulation                    ;
; EDA_TEST_BENCH_NAME                  ; PLL12M6M48k_tb                         ; --               ; --            ; eda_simulation                    ;
; EDA_TEST_BENCH_NAME                  ; WM8731DriverBETA_tb                    ; --               ; --            ; eda_simulation                    ;
; EDA_TEST_BENCH_NAME                  ; ADSR_tb                                ; --               ; --            ; eda_simulation                    ;
; EDA_TEST_BENCH_NAME                  ; ReverbShroeder1_tb                     ; --               ; --            ; eda_simulation                    ;
; EDA_TEST_BENCH_NAME                  ; Oscillator_tb                          ; --               ; --            ; eda_simulation                    ;
; EDA_TEST_BENCH_NAME                  ; Delay1Tap_tb                           ; --               ; --            ; eda_simulation                    ;
; EDA_TEST_BENCH_NAME                  ; UnsignedTo2sCompl20Bit_tb              ; --               ; --            ; eda_simulation                    ;
; EDA_TEST_BENCH_NAME                  ; Reduced17Tap_FIR_tb                    ; --               ; --            ; eda_simulation                    ;
; EDA_TEST_BENCH_NAME                  ; TESTSW2_tb                             ; --               ; --            ; eda_simulation                    ;
; EDA_TEST_BENCH_NAME                  ; CUSW_tb                                ; --               ; --            ; eda_simulation                    ;
; EDA_TIME_SCALE                       ; 1 ps                                   ; --               ; --            ; eda_simulation                    ;
; MAX_CORE_JUNCTION_TEMP               ; 85                                     ; --               ; --            ; --                                ;
; MIN_CORE_JUNCTION_TEMP               ; 0                                      ; --               ; --            ; --                                ;
; MISC_FILE                            ; PLL5M1600_bb.v                         ; --               ; --            ; --                                ;
; MISC_FILE                            ; PLL5M1600.ppf                          ; --               ; --            ; --                                ;
; MISC_FILE                            ; PLL12M_inst.v                          ; --               ; --            ; --                                ;
; MISC_FILE                            ; PLL12M_bb.v                            ; --               ; --            ; --                                ;
; MISC_FILE                            ; PLL12M.ppf                             ; --               ; --            ; --                                ;
; MISC_FILE                            ; PLL196M_bb.v                           ; --               ; --            ; --                                ;
; MISC_FILE                            ; PLL196M.ppf                            ; --               ; --            ; --                                ;
; NOMINAL_CORE_SUPPLY_VOLTAGE          ; 1.2V                                   ; --               ; --            ; --                                ;
; PARTITION_COLOR                      ; -- (Not supported for targeted family) ; --               ; SynthTopLevel ; Top                               ;
; PARTITION_FITTER_PRESERVATION_LEVEL  ; -- (Not supported for targeted family) ; --               ; SynthTopLevel ; Top                               ;
; PARTITION_NETLIST_TYPE               ; -- (Not supported for targeted family) ; --               ; SynthTopLevel ; Top                               ;
; POWER_BOARD_THERMAL_MODEL            ; None (CONSERVATIVE)                    ; --               ; --            ; --                                ;
; POWER_PRESET_COOLING_SOLUTION        ; 23 MM HEAT SINK WITH 200 LFPM AIRFLOW  ; --               ; --            ; --                                ;
; PROJECT_OUTPUT_DIRECTORY             ; output_files                           ; --               ; --            ; --                                ;
; TOP_LEVEL_ENTITY                     ; SynthTopLevel                          ; WM8731DriverBETA ; --            ; --                                ;
+--------------------------------------+----------------------------------------+------------------+---------------+-----------------------------------+


+--------------------------------------------------------------------------------------------------------------------------+
; Flow Elapsed Time                                                                                                        ;
+----------------------+--------------+-------------------------+---------------------+------------------------------------+
; Module Name          ; Elapsed Time ; Average Processors Used ; Peak Virtual Memory ; Total CPU Time (on all processors) ;
+----------------------+--------------+-------------------------+---------------------+------------------------------------+
; Analysis & Synthesis ; 00:00:52     ; 1.0                     ; 5219 MB             ; 00:01:08                           ;
; Fitter               ; 00:01:23     ; 1.4                     ; 6900 MB             ; 00:03:13                           ;
; Assembler            ; 00:00:05     ; 1.0                     ; 4753 MB             ; 00:00:04                           ;
; Timing Analyzer      ; 00:00:09     ; 1.5                     ; 5111 MB             ; 00:00:10                           ;
; EDA Netlist Writer   ; 00:00:03     ; 1.0                     ; 4748 MB             ; 00:00:02                           ;
; Total                ; 00:02:32     ; --                      ; --                  ; 00:04:37                           ;
+----------------------+--------------+-------------------------+---------------------+------------------------------------+


+------------------------------------------------------------------------------------+
; Flow OS Summary                                                                    ;
+----------------------+------------------+------------+------------+----------------+
; Module Name          ; Machine Hostname ; OS Name    ; OS Version ; Processor type ;
+----------------------+------------------+------------+------------+----------------+
; Analysis & Synthesis ; LAPTOP-RAT1O1A7  ; Windows 10 ; 10.0       ; x86_64         ;
; Fitter               ; LAPTOP-RAT1O1A7  ; Windows 10 ; 10.0       ; x86_64         ;
; Assembler            ; LAPTOP-RAT1O1A7  ; Windows 10 ; 10.0       ; x86_64         ;
; Timing Analyzer      ; LAPTOP-RAT1O1A7  ; Windows 10 ; 10.0       ; x86_64         ;
; EDA Netlist Writer   ; LAPTOP-RAT1O1A7  ; Windows 10 ; 10.0       ; x86_64         ;
+----------------------+------------------+------------+------------+----------------+


------------
; Flow Log ;
------------
quartus_map --read_settings_files=on --write_settings_files=off WM8731DriverBETA -c WM8731DriverBETA
quartus_fit --read_settings_files=off --write_settings_files=off WM8731DriverBETA -c WM8731DriverBETA
quartus_asm --read_settings_files=off --write_settings_files=off WM8731DriverBETA -c WM8731DriverBETA
quartus_sta WM8731DriverBETA -c WM8731DriverBETA
quartus_eda --read_settings_files=off --write_settings_files=off WM8731DriverBETA -c WM8731DriverBETA



